# JRE version: OpenJDK Runtime Environment Temurin-17.0.6+10 (17.0.6+10) (build 17.0.6+10)
# Java VM: OpenJDK 64-Bit Server VM Temurin-17.0.6+10 (17.0.6+10, mixed mode, tiered, compressed oops, compressed class ptrs, g1 gc, windows-amd64)
GC Precious Log:
 CPUs: 16 total, 16 available
 Memory: 15741M
 Large Page Support: Disabled
 NUMA Support: Disabled
 Compressed Oops: Enabled (Zero based)
 Heap Region Size: 2M
 Heap Min Capacity: 8M
 Heap Initial Capacity: 246M
 Heap Max Capacity: 3936M
 Pre-touch: Disabled
 Parallel Workers: 13
 Concurrent Workers: 3
 Concurrent Refinement Workers: 13
 Periodic GC: Disabled
Heap:
 garbage-first heap   total 704512K, used 222298K [0x000000070a000000, 0x0000000800000000)
  region size 2048K, 9 young (18432K), 9 survivors (18432K)
 Metaspace       used 15265K, committed 15424K, reserved 1064960K
  class space    used 1573K, committed 1664K, reserved 1048576K
GC Heap History (17 events):
Event: 0.851 GC heap before
{Heap before GC invocations=0 (full 0):
 garbage-first heap   total 251904K, used 22528K [0x000000070a000000, 0x0000000800000000)
  region size 2048K, 11 young (22528K), 0 survivors (0K)
 Metaspace       used 14898K, committed 15104K, reserved 1064960K
  class space    used 1528K, committed 1664K, reserved 1048576K
}
Event: 0.869 GC heap after
{Heap after GC invocations=1 (full 0):
 garbage-first heap   total 251904K, used 2989K [0x000000070a000000, 0x0000000800000000)
  region size 2048K, 2 young (4096K), 2 survivors (4096K)
 Metaspace       used 14898K, committed 15104K, reserved 1064960K
  class space    used 1528K, committed 1664K, reserved 1048576K
}
Event: 1.002 GC heap before
{Heap before GC invocations=1 (full 0):
 garbage-first heap   total 251904K, used 35757K [0x000000070a000000, 0x0000000800000000)
  region size 2048K, 18 young (36864K), 2 survivors (4096K)
 Metaspace       used 15265K, committed 15424K, reserved 1064960K
  class space    used 1573K, committed 1664K, reserved 1048576K
}
Event: 1.017 GC heap after
{Heap after GC invocations=2 (full 0):
 garbage-first heap   total 251904K, used 16517K [0x000000070a000000, 0x0000000800000000)
  region size 2048K, 3 young (6144K), 3 survivors (6144K)
 Metaspace       used 15265K, committed 15424K, reserved 1064960K
  class space    used 1573K, committed 1664K, reserved 1048576K
}
Event: 1.184 GC heap before
{Heap before GC invocations=2 (full 0):
 garbage-first heap   total 251904K, used 159877K [0x000000070a000000, 0x0000000800000000)
  region size 2048K, 73 young (149504K), 3 survivors (6144K)
 Metaspace       used 15265K, committed 15424K, reserved 1064960K
  class space    used 1573K, committed 1664K, reserved 1048576K
}
Event: 1.235 GC heap after
{Heap after GC invocations=3 (full 0):
 garbage-first heap   total 251904K, used 80896K [0x000000070a000000, 0x0000000800000000)
  region size 2048K, 10 young (20480K), 10 survivors (20480K)
 Metaspace       used 15265K, committed 15424K, reserved 1064960K
  class space    used 1573K, committed 1664K, reserved 1048576K
}
Event: 1.255 GC heap before
{Heap before GC invocations=3 (full 0):
 garbage-first heap   total 251904K, used 99328K [0x000000070a000000, 0x0000000800000000)
  region size 2048K, 19 young (38912K), 10 survivors (20480K)
 Metaspace       used 15265K, committed 15424K, reserved 1064960K
  class space    used 1573K, committed 1664K, reserved 1048576K
}
Event: 1.291 GC heap after
{Heap after GC invocations=4 (full 0):
 garbage-first heap   total 251904K, used 93184K [0x000000070a000000, 0x0000000800000000)
  region size 2048K, 3 young (6144K), 3 survivors (6144K)
 Metaspace       used 15265K, committed 15424K, reserved 1064960K
  class space    used 1573K, committed 1664K, reserved 1048576K
}
Event: 1.302 GC heap before
{Heap before GC invocations=4 (full 0):
 garbage-first heap   total 251904K, used 99328K [0x000000070a000000, 0x0000000800000000)
  region size 2048K, 6 young (12288K), 3 survivors (6144K)
 Metaspace       used 15265K, committed 15424K, reserved 1064960K
  class space    used 1573K, committed 1664K, reserved 1048576K
}
Event: 1.321 GC heap after
{Heap after GC invocations=5 (full 0):
 garbage-first heap   total 704512K, used 98041K [0x000000070a000000, 0x0000000800000000)
  region size 2048K, 1 young (2048K), 1 survivors (2048K)
 Metaspace       used 15265K, committed 15424K, reserved 1064960K
  class space    used 1573K, committed 1664K, reserved 1048576K
}
Event: 1.374 GC heap before
{Heap before GC invocations=5 (full 0):
 garbage-first heap   total 704512K, used 130809K [0x000000070a000000, 0x0000000800000000)
  region size 2048K, 17 young (34816K), 1 survivors (2048K)
 Metaspace       used 15265K, committed 15424K, reserved 1064960K
  class space    used 1573K, committed 1664K, reserved 1048576K
}
Event: 1.382 GC heap after
{Heap after GC invocations=6 (full 0):
 garbage-first heap   total 704512K, used 112994K [0x000000070a000000, 0x0000000800000000)
  region size 2048K, 3 young (6144K), 3 survivors (6144K)
 Metaspace       used 15265K, committed 15424K, reserved 1064960K
  class space    used 1573K, committed 1664K, reserved 1048576K
}
Event: 1.409 GC heap before
{Heap before GC invocations=6 (full 0):
 garbage-first heap   total 704512K, used 141666K [0x000000070a000000, 0x0000000800000000)
  region size 2048K, 17 young (34816K), 3 survivors (6144K)
 Metaspace       used 15265K, committed 15424K, reserved 1064960K
  class space    used 1573K, committed 1664K, reserved 1048576K
}
Event: 1.415 GC heap after
{Heap after GC invocations=7 (full 0):
 garbage-first heap   total 704512K, used 126722K [0x000000070a000000, 0x0000000800000000)
  region size 2048K, 3 young (6144K), 3 survivors (6144K)
 Metaspace       used 15265K, committed 15424K, reserved 1064960K
  class space    used 1573K, committed 1664K, reserved 1048576K
}
Event: 1.498 GC heap before
{Heap before GC invocations=7 (full 0):
 garbage-first heap   total 704512K, used 204546K [0x000000070a000000, 0x0000000800000000)
  region size 2048K, 41 young (83968K), 3 survivors (6144K)
 Metaspace       used 15265K, committed 15424K, reserved 1064960K
  class space    used 1573K, committed 1664K, reserved 1048576K
}
Event: 1.513 GC heap after
{Heap after GC invocations=8 (full 0):
 garbage-first heap   total 704512K, used 162351K [0x000000070a000000, 0x0000000800000000)
  region size 2048K, 6 young (12288K), 6 survivors (12288K)
 Metaspace       used 15265K, committed 15424K, reserved 1064960K
  class space    used 1573K, committed 1664K, reserved 1048576K
}
Event: 1.642 GC heap before
{Heap before GC invocations=8 (full 0):
 garbage-first heap   total 704512K, used 293423K [0x000000070a000000, 0x0000000800000000)
  region size 2048K, 70 young (143360K), 6 survivors (12288K)
 Metaspace       used 15265K, committed 15424K, reserved 1064960K
  class space    used 1573K, committed 1664K, reserved 1048576K
}

